  main.cpp
C:\Users\HP\Documents\Donato\Università\Magistrale\secondo anno\Fondamenti di grafica tridimensionale\progetto\RealisticTransparency\texture.h(61,8): warning C4244: 'inizializzazione': conversione da 'float' a 'int'. Possibile perdita di dati.
C:\Users\HP\Documents\Donato\Università\Magistrale\secondo anno\Fondamenti di grafica tridimensionale\progetto\RealisticTransparency\texture.h(62,8): warning C4244: 'inizializzazione': conversione da 'float' a 'int'. Possibile perdita di dati.
C:\Users\HP\Documents\Donato\Università\Magistrale\secondo anno\Fondamenti di grafica tridimensionale\progetto\RealisticTransparency\texture.h(153,9): warning C4244: 'inizializzazione': conversione da 'float' a 'int'. Possibile perdita di dati.
C:\Users\HP\Documents\Donato\Università\Magistrale\secondo anno\Fondamenti di grafica tridimensionale\progetto\RealisticTransparency\texture.h(154,9): warning C4244: 'inizializzazione': conversione da 'float' a 'int'. Possibile perdita di dati.
C:\Users\HP\Documents\Donato\Università\Magistrale\secondo anno\Fondamenti di grafica tridimensionale\progetto\RealisticTransparency\texture.h(251,9): warning C4244: 'inizializzazione': conversione da 'float' a 'int'. Possibile perdita di dati.
C:\Users\HP\Documents\Donato\Università\Magistrale\secondo anno\Fondamenti di grafica tridimensionale\progetto\RealisticTransparency\texture.h(252,9): warning C4244: 'inizializzazione': conversione da 'float' a 'int'. Possibile perdita di dati.
C:\Users\HP\Documents\Donato\Università\Magistrale\secondo anno\Fondamenti di grafica tridimensionale\progetto\RealisticTransparency\sphere.h(155,17): warning C4244: 'inizializzazione': conversione da 'double' a 'float'. Possibile perdita di dati.
C:\Users\HP\Documents\Donato\Università\Magistrale\secondo anno\Fondamenti di grafica tridimensionale\progetto\RealisticTransparency\sphere.h(166,22): warning C4244: 'inizializzazione': conversione da 'double' a 'float'. Possibile perdita di dati.
C:\Users\HP\Documents\Donato\Università\Magistrale\secondo anno\Fondamenti di grafica tridimensionale\progetto\RealisticTransparency\sphere.h(221,24): warning C4244: '=': conversione da 'double' a 'float'. Possibile perdita di dati.
C:\Users\HP\Documents\Donato\Università\Magistrale\secondo anno\Fondamenti di grafica tridimensionale\progetto\RealisticTransparency\sphere.h(252,17): warning C4244: 'inizializzazione': conversione da 'double' a 'float'. Possibile perdita di dati.
C:\Users\HP\Documents\Donato\Università\Magistrale\secondo anno\Fondamenti di grafica tridimensionale\progetto\RealisticTransparency\sphere.h(344,70): warning C4244: 'argomento': conversione da 'double' a 'float'. Possibile perdita di dati.
C:\Users\HP\Documents\Donato\Università\Magistrale\secondo anno\Fondamenti di grafica tridimensionale\progetto\RealisticTransparency\mesh.h(75,45): warning C4267: '=': conversione da 'size_t' a 'int'. Possibile perdita di dati.
C:\Users\HP\Documents\Donato\Università\Magistrale\secondo anno\Fondamenti di grafica tridimensionale\progetto\RealisticTransparency\mesh.h(76,43): warning C4267: '=': conversione da 'size_t' a 'int'. Possibile perdita di dati.
C:\Users\HP\Documents\Donato\Università\Magistrale\secondo anno\Fondamenti di grafica tridimensionale\progetto\RealisticTransparency\mesh.h(77,46): warning C4267: '=': conversione da 'size_t' a 'int'. Possibile perdita di dati.
C:\Users\HP\Documents\Donato\Università\Magistrale\secondo anno\Fondamenti di grafica tridimensionale\progetto\RealisticTransparency\mesh.h(78,28): warning C4267: '=': conversione da 'size_t' a 'int'. Possibile perdita di dati.
C:\Users\HP\Documents\Donato\Università\Magistrale\secondo anno\Fondamenti di grafica tridimensionale\progetto\RealisticTransparency\light.h(369,29): warning C4244: 'argomento': conversione da 'int' a 'float'. Possibile perdita di dati.
C:\Users\HP\Documents\Donato\Università\Magistrale\secondo anno\Fondamenti di grafica tridimensionale\progetto\RealisticTransparency\light.h(380,23): warning C4244: 'argomento': conversione da 'int' a 'float'. Possibile perdita di dati.
C:\Users\HP\Documents\Donato\Università\Magistrale\secondo anno\Fondamenti di grafica tridimensionale\progetto\RealisticTransparency\light.h(399,13): warning C4244: 'inizializzazione': conversione da 'double' a 'float'. Possibile perdita di dati.
C:\Users\HP\Documents\Donato\Università\Magistrale\secondo anno\Fondamenti di grafica tridimensionale\progetto\RealisticTransparency\light.h(405,13): warning C4244: 'return': conversione da 'double' a 'float'. Possibile perdita di dati.
C:\Users\HP\Documents\Donato\Università\Magistrale\secondo anno\Fondamenti di grafica tridimensionale\progetto\RealisticTransparency\light.h(416,5): warning C4305: 'argomento': troncamento da 'double' a 'float'
C:\Users\HP\Documents\Donato\Università\Magistrale\secondo anno\Fondamenti di grafica tridimensionale\progetto\RealisticTransparency\camera.h(65,32): warning C4244: 'argomento': conversione da 'int' a 'float'. Possibile perdita di dati.
C:\Users\HP\Documents\Donato\Università\Magistrale\secondo anno\Fondamenti di grafica tridimensionale\progetto\RealisticTransparency\camera.h(66,32): warning C4244: 'argomento': conversione da 'int' a 'float'. Possibile perdita di dati.
C:\Users\HP\Documents\Donato\Università\Magistrale\secondo anno\Fondamenti di grafica tridimensionale\progetto\RealisticTransparency\camera.h(85,20): warning C4244: 'argomento': conversione da 'int' a 'float'. Possibile perdita di dati.
C:\Users\HP\Documents\Donato\Università\Magistrale\secondo anno\Fondamenti di grafica tridimensionale\progetto\RealisticTransparency\camera.h(105,20): warning C4244: 'argomento': conversione da 'int' a 'float'. Possibile perdita di dati.
C:\Users\HP\Documents\Donato\Università\Magistrale\secondo anno\Fondamenti di grafica tridimensionale\progetto\RealisticTransparency\camera.h(130,38): warning C4244: 'argomento': conversione da 'int' a 'float'. Possibile perdita di dati.
C:\Users\HP\Documents\Donato\Università\Magistrale\secondo anno\Fondamenti di grafica tridimensionale\progetto\RealisticTransparency\camera.h(130,60): warning C4244: 'argomento': conversione da 'int' a 'float'. Possibile perdita di dati.
C:\Users\HP\Documents\Donato\Università\Magistrale\secondo anno\Fondamenti di grafica tridimensionale\progetto\RealisticTransparency\camera.h(141,12): warning C4244: 'inizializzazione': conversione da 'double' a 'float'. Possibile perdita di dati.
C:\Users\HP\Documents\Donato\Università\Magistrale\secondo anno\Fondamenti di grafica tridimensionale\progetto\RealisticTransparency\camera.h(142,12): warning C4244: 'inizializzazione': conversione da 'double' a 'float'. Possibile perdita di dati.
C:\Users\HP\Documents\Donato\Università\Magistrale\secondo anno\Fondamenti di grafica tridimensionale\progetto\RealisticTransparency\spline.h(44,9): warning C4068: l'istruzione pragma 'GCC' è sconosciuta
C:\Users\HP\Documents\Donato\Università\Magistrale\secondo anno\Fondamenti di grafica tridimensionale\progetto\RealisticTransparency\spline.h(45,9): warning C4068: l'istruzione pragma 'GCC' è sconosciuta
C:\Users\HP\Documents\Donato\Università\Magistrale\secondo anno\Fondamenti di grafica tridimensionale\progetto\RealisticTransparency\spline.h(427,17): warning C4244: 'inizializzazione': conversione da 'double' a 'int'. Possibile perdita di dati.
C:\Users\HP\Documents\Donato\Università\Magistrale\secondo anno\Fondamenti di grafica tridimensionale\progetto\RealisticTransparency\spline.h(428,17): warning C4244: 'inizializzazione': conversione da 'double' a 'int'. Possibile perdita di dati.
C:\Users\HP\Documents\Donato\Università\Magistrale\secondo anno\Fondamenti di grafica tridimensionale\progetto\RealisticTransparency\spline.h(472,16): warning C4244: 'inizializzazione': conversione da 'double' a 'size_t'. Possibile perdita di dati.
C:\Users\HP\Documents\Donato\Università\Magistrale\secondo anno\Fondamenti di grafica tridimensionale\progetto\RealisticTransparency\spline.h(645,33): warning C4267: 'return': conversione da 'size_t' a 'int'. Possibile perdita di dati.
C:\Users\HP\Documents\Donato\Università\Magistrale\secondo anno\Fondamenti di grafica tridimensionale\progetto\RealisticTransparency\spline.h(696,19): warning C4244: '=': conversione da 'double' a 'int'. Possibile perdita di dati.
C:\Users\HP\Documents\Donato\Università\Magistrale\secondo anno\Fondamenti di grafica tridimensionale\progetto\RealisticTransparency\spline.h(697,19): warning C4244: '=': conversione da 'double' a 'int'. Possibile perdita di dati.
C:\Users\HP\Documents\Donato\Università\Magistrale\secondo anno\Fondamenti di grafica tridimensionale\progetto\RealisticTransparency\spline.h(706,19): warning C4244: '=': conversione da 'double' a 'int'. Possibile perdita di dati.
C:\Users\HP\Documents\Donato\Università\Magistrale\secondo anno\Fondamenti di grafica tridimensionale\progetto\RealisticTransparency\spline.h(711,23): warning C4244: '=': conversione da 'double' a 'int'. Possibile perdita di dati.
C:\Users\HP\Documents\Donato\Università\Magistrale\secondo anno\Fondamenti di grafica tridimensionale\progetto\RealisticTransparency\spline.h(728,21): warning C4244: '=': conversione da 'double' a 'int'. Possibile perdita di dati.
C:\Users\HP\Documents\Donato\Università\Magistrale\secondo anno\Fondamenti di grafica tridimensionale\progetto\RealisticTransparency\spline.h(743,20): warning C4244: '=': conversione da 'double' a 'int'. Possibile perdita di dati.
C:\Users\HP\Documents\Donato\Università\Magistrale\secondo anno\Fondamenti di grafica tridimensionale\progetto\RealisticTransparency\spline.h(945,9): warning C4068: l'istruzione pragma 'GCC' è sconosciuta
C:\Users\HP\Documents\Donato\Università\Magistrale\secondo anno\Fondamenti di grafica tridimensionale\progetto\RealisticTransparency\main.cpp(98,58): warning C4305: 'argomento': troncamento da 'double' a 'float'
C:\Users\HP\Documents\Donato\Università\Magistrale\secondo anno\Fondamenti di grafica tridimensionale\progetto\RealisticTransparency\main.cpp(99,58): warning C4305: 'argomento': troncamento da 'double' a 'float'
C:\Users\HP\Documents\Donato\Università\Magistrale\secondo anno\Fondamenti di grafica tridimensionale\progetto\RealisticTransparency\main.cpp(108,40): warning C4305: '=': troncamento da 'double' a 'float'
C:\Users\HP\Documents\Donato\Università\Magistrale\secondo anno\Fondamenti di grafica tridimensionale\progetto\RealisticTransparency\main.cpp(113,55): warning C4305: 'argomento': troncamento da 'double' a 'float'
C:\Users\HP\Documents\Donato\Università\Magistrale\secondo anno\Fondamenti di grafica tridimensionale\progetto\RealisticTransparency\main.cpp(125,58): warning C4305: 'argomento': troncamento da 'double' a 'float'
C:\Users\HP\Documents\Donato\Università\Magistrale\secondo anno\Fondamenti di grafica tridimensionale\progetto\RealisticTransparency\main.cpp(126,58): warning C4305: 'argomento': troncamento da 'double' a 'float'
C:\Users\HP\Documents\Donato\Università\Magistrale\secondo anno\Fondamenti di grafica tridimensionale\progetto\RealisticTransparency\main.cpp(135,40): warning C4305: '=': troncamento da 'double' a 'float'
C:\Users\HP\Documents\Donato\Università\Magistrale\secondo anno\Fondamenti di grafica tridimensionale\progetto\RealisticTransparency\main.cpp(140,69): warning C4305: 'argomento': troncamento da 'double' a 'float'
C:\Users\HP\Documents\Donato\Università\Magistrale\secondo anno\Fondamenti di grafica tridimensionale\progetto\RealisticTransparency\main.cpp(152,55): warning C4305: 'argomento': troncamento da 'double' a 'float'
C:\Users\HP\Documents\Donato\Università\Magistrale\secondo anno\Fondamenti di grafica tridimensionale\progetto\RealisticTransparency\main.cpp(153,55): warning C4305: 'argomento': troncamento da 'double' a 'float'
C:\Users\HP\Documents\Donato\Università\Magistrale\secondo anno\Fondamenti di grafica tridimensionale\progetto\RealisticTransparency\main.cpp(162,37): warning C4305: '=': troncamento da 'double' a 'float'
C:\Users\HP\Documents\Donato\Università\Magistrale\secondo anno\Fondamenti di grafica tridimensionale\progetto\RealisticTransparency\main.cpp(167,90): warning C4244: 'argomento': conversione da 'double' a 'float'. Possibile perdita di dati.
C:\Users\HP\Documents\Donato\Università\Magistrale\secondo anno\Fondamenti di grafica tridimensionale\progetto\RealisticTransparency\main.cpp(167,65): warning C4244: 'argomento': conversione da 'double' a 'float'. Possibile perdita di dati.
C:\Users\HP\Documents\Donato\Università\Magistrale\secondo anno\Fondamenti di grafica tridimensionale\progetto\RealisticTransparency\main.cpp(167,40): warning C4244: 'argomento': conversione da 'double' a 'float'. Possibile perdita di dati.
C:\Users\HP\Documents\Donato\Università\Magistrale\secondo anno\Fondamenti di grafica tridimensionale\progetto\RealisticTransparency\main.cpp(179,54): warning C4305: 'argomento': troncamento da 'double' a 'float'
C:\Users\HP\Documents\Donato\Università\Magistrale\secondo anno\Fondamenti di grafica tridimensionale\progetto\RealisticTransparency\main.cpp(180,54): warning C4305: 'argomento': troncamento da 'double' a 'float'
C:\Users\HP\Documents\Donato\Università\Magistrale\secondo anno\Fondamenti di grafica tridimensionale\progetto\RealisticTransparency\main.cpp(189,36): warning C4305: '=': troncamento da 'double' a 'float'
C:\Users\HP\Documents\Donato\Università\Magistrale\secondo anno\Fondamenti di grafica tridimensionale\progetto\RealisticTransparency\main.cpp(194,51): warning C4305: 'argomento': troncamento da 'double' a 'float'
C:\Users\HP\Documents\Donato\Università\Magistrale\secondo anno\Fondamenti di grafica tridimensionale\progetto\RealisticTransparency\main.cpp(206,57): warning C4305: 'argomento': troncamento da 'double' a 'float'
C:\Users\HP\Documents\Donato\Università\Magistrale\secondo anno\Fondamenti di grafica tridimensionale\progetto\RealisticTransparency\main.cpp(207,57): warning C4305: 'argomento': troncamento da 'double' a 'float'
C:\Users\HP\Documents\Donato\Università\Magistrale\secondo anno\Fondamenti di grafica tridimensionale\progetto\RealisticTransparency\main.cpp(216,39): warning C4305: '=': troncamento da 'double' a 'float'
C:\Users\HP\Documents\Donato\Università\Magistrale\secondo anno\Fondamenti di grafica tridimensionale\progetto\RealisticTransparency\main.cpp(221,82): warning C4305: 'argomento': troncamento da 'double' a 'float'
C:\Users\HP\Documents\Donato\Università\Magistrale\secondo anno\Fondamenti di grafica tridimensionale\progetto\RealisticTransparency\main.cpp(233,50): warning C4305: 'argomento': troncamento da 'double' a 'float'
C:\Users\HP\Documents\Donato\Università\Magistrale\secondo anno\Fondamenti di grafica tridimensionale\progetto\RealisticTransparency\main.cpp(234,50): warning C4305: 'argomento': troncamento da 'double' a 'float'
C:\Users\HP\Documents\Donato\Università\Magistrale\secondo anno\Fondamenti di grafica tridimensionale\progetto\RealisticTransparency\main.cpp(243,32): warning C4305: '=': troncamento da 'double' a 'float'
C:\Users\HP\Documents\Donato\Università\Magistrale\secondo anno\Fondamenti di grafica tridimensionale\progetto\RealisticTransparency\main.cpp(356,42): warning C4305: 'argomento': troncamento da 'double' a 'const float'
C:\Users\HP\Documents\Donato\Università\Magistrale\secondo anno\Fondamenti di grafica tridimensionale\progetto\RealisticTransparency\main.cpp(358,41): warning C4305: 'argomento': troncamento da 'double' a 'const float'
C:\Users\HP\Documents\Donato\Università\Magistrale\secondo anno\Fondamenti di grafica tridimensionale\progetto\RealisticTransparency\main.cpp(423,44): warning C4305: 'argomento': troncamento da 'double' a 'const float'
C:\Users\HP\Documents\Donato\Università\Magistrale\secondo anno\Fondamenti di grafica tridimensionale\progetto\RealisticTransparency\main.cpp(424,44): warning C4305: 'argomento': troncamento da 'double' a 'const float'
C:\Users\HP\Documents\Donato\Università\Magistrale\secondo anno\Fondamenti di grafica tridimensionale\progetto\RealisticTransparency\main.cpp(438,31): warning C4305: 'argomento': troncamento da 'double' a 'const float'
C:\Users\HP\Documents\Donato\Università\Magistrale\secondo anno\Fondamenti di grafica tridimensionale\progetto\RealisticTransparency\main.cpp(456,48): warning C4305: 'argomento': troncamento da 'double' a 'float'
C:\Users\HP\Documents\Donato\Università\Magistrale\secondo anno\Fondamenti di grafica tridimensionale\progetto\RealisticTransparency\main.cpp(473,36): warning C4305: 'argomento': troncamento da 'double' a 'const float'
  Generazione codice in corso...
  1 of 1973 functions (<0.1%) were compiled, the rest were copied from previous compilation.
    0 functions were new in current compilation
    6 functions had inline decision re-evaluated but remain unchanged
  Generazione codice terminata
  Mapping.vcxproj -> C:\Users\HP\Documents\Donato\Università\Magistrale\secondo anno\Fondamenti di grafica tridimensionale\progetto\RealisticTransparency\x64\Release\Mapping.exe
