  main.cpp
D:\ivans\Desktop\RealisticTransparency\texture.h(61,8): warning C4244: 'inizializzazione': conversione da 'float' a 'int'. Possibile perdita di dati.
  (compilazione del file di origine 'main.cpp')
  
D:\ivans\Desktop\RealisticTransparency\texture.h(62,8): warning C4244: 'inizializzazione': conversione da 'float' a 'int'. Possibile perdita di dati.
  (compilazione del file di origine 'main.cpp')
  
D:\ivans\Desktop\RealisticTransparency\texture.h(153,9): warning C4244: 'inizializzazione': conversione da 'float' a 'int'. Possibile perdita di dati.
  (compilazione del file di origine 'main.cpp')
  
D:\ivans\Desktop\RealisticTransparency\texture.h(154,9): warning C4244: 'inizializzazione': conversione da 'float' a 'int'. Possibile perdita di dati.
  (compilazione del file di origine 'main.cpp')
  
D:\ivans\Desktop\RealisticTransparency\texture.h(251,9): warning C4244: 'inizializzazione': conversione da 'float' a 'int'. Possibile perdita di dati.
  (compilazione del file di origine 'main.cpp')
  
D:\ivans\Desktop\RealisticTransparency\texture.h(252,9): warning C4244: 'inizializzazione': conversione da 'float' a 'int'. Possibile perdita di dati.
  (compilazione del file di origine 'main.cpp')
  
D:\ivans\Desktop\RealisticTransparency\sphere.h(155,17): warning C4244: 'inizializzazione': conversione da 'double' a 'float'. Possibile perdita di dati.
  (compilazione del file di origine 'main.cpp')
  
D:\ivans\Desktop\RealisticTransparency\sphere.h(166,22): warning C4244: 'inizializzazione': conversione da 'double' a 'float'. Possibile perdita di dati.
  (compilazione del file di origine 'main.cpp')
  
D:\ivans\Desktop\RealisticTransparency\sphere.h(221,24): warning C4244: '=': conversione da 'double' a 'float'. Possibile perdita di dati.
  (compilazione del file di origine 'main.cpp')
  
D:\ivans\Desktop\RealisticTransparency\sphere.h(252,17): warning C4244: 'inizializzazione': conversione da 'double' a 'float'. Possibile perdita di dati.
  (compilazione del file di origine 'main.cpp')
  
D:\ivans\Desktop\RealisticTransparency\sphere.h(344,70): warning C4244: 'argomento': conversione da 'double' a 'float'. Possibile perdita di dati.
  (compilazione del file di origine 'main.cpp')
  
D:\ivans\Desktop\RealisticTransparency\mesh.h(75,41): warning C4267: '=': conversione da 'size_t' a 'int'. Possibile perdita di dati.
  (compilazione del file di origine 'main.cpp')
  
D:\ivans\Desktop\RealisticTransparency\mesh.h(76,39): warning C4267: '=': conversione da 'size_t' a 'int'. Possibile perdita di dati.
  (compilazione del file di origine 'main.cpp')
  
D:\ivans\Desktop\RealisticTransparency\mesh.h(77,42): warning C4267: '=': conversione da 'size_t' a 'int'. Possibile perdita di dati.
  (compilazione del file di origine 'main.cpp')
  
D:\ivans\Desktop\RealisticTransparency\mesh.h(78,26): warning C4267: '=': conversione da 'size_t' a 'int'. Possibile perdita di dati.
  (compilazione del file di origine 'main.cpp')
  
D:\ivans\Desktop\RealisticTransparency\light.h(369,29): warning C4244: 'argomento': conversione da 'int' a 'float'. Possibile perdita di dati.
  (compilazione del file di origine 'main.cpp')
  
D:\ivans\Desktop\RealisticTransparency\light.h(380,23): warning C4244: 'argomento': conversione da 'int' a 'float'. Possibile perdita di dati.
  (compilazione del file di origine 'main.cpp')
  
D:\ivans\Desktop\RealisticTransparency\light.h(399,13): warning C4244: 'inizializzazione': conversione da 'double' a 'float'. Possibile perdita di dati.
  (compilazione del file di origine 'main.cpp')
  
D:\ivans\Desktop\RealisticTransparency\light.h(405,13): warning C4244: 'return': conversione da 'double' a 'float'. Possibile perdita di dati.
  (compilazione del file di origine 'main.cpp')
  
D:\ivans\Desktop\RealisticTransparency\light.h(416,28): warning C4305: 'argomento': troncamento da 'double' a 'float'
  (compilazione del file di origine 'main.cpp')
  
D:\ivans\Desktop\RealisticTransparency\camera.h(65,32): warning C4244: 'argomento': conversione da 'int' a 'float'. Possibile perdita di dati.
  (compilazione del file di origine 'main.cpp')
  
D:\ivans\Desktop\RealisticTransparency\camera.h(66,32): warning C4244: 'argomento': conversione da 'int' a 'float'. Possibile perdita di dati.
  (compilazione del file di origine 'main.cpp')
  
D:\ivans\Desktop\RealisticTransparency\camera.h(85,20): warning C4244: 'argomento': conversione da 'int' a 'float'. Possibile perdita di dati.
  (compilazione del file di origine 'main.cpp')
  
D:\ivans\Desktop\RealisticTransparency\camera.h(105,20): warning C4244: 'argomento': conversione da 'int' a 'float'. Possibile perdita di dati.
  (compilazione del file di origine 'main.cpp')
  
D:\ivans\Desktop\RealisticTransparency\camera.h(130,38): warning C4244: 'argomento': conversione da 'int' a 'float'. Possibile perdita di dati.
  (compilazione del file di origine 'main.cpp')
  
D:\ivans\Desktop\RealisticTransparency\camera.h(130,60): warning C4244: 'argomento': conversione da 'int' a 'float'. Possibile perdita di dati.
  (compilazione del file di origine 'main.cpp')
  
D:\ivans\Desktop\RealisticTransparency\camera.h(141,12): warning C4244: 'inizializzazione': conversione da 'double' a 'float'. Possibile perdita di dati.
  (compilazione del file di origine 'main.cpp')
  
D:\ivans\Desktop\RealisticTransparency\camera.h(142,12): warning C4244: 'inizializzazione': conversione da 'double' a 'float'. Possibile perdita di dati.
  (compilazione del file di origine 'main.cpp')
  
D:\ivans\Desktop\RealisticTransparency\spline.h(44,9): warning C4068: l'istruzione pragma 'GCC' è sconosciuta
  (compilazione del file di origine 'main.cpp')
  
D:\ivans\Desktop\RealisticTransparency\spline.h(45,9): warning C4068: l'istruzione pragma 'GCC' è sconosciuta
  (compilazione del file di origine 'main.cpp')
  
D:\ivans\Desktop\RealisticTransparency\spline.h(427,17): warning C4244: 'inizializzazione': conversione da 'double' a 'int'. Possibile perdita di dati.
  (compilazione del file di origine 'main.cpp')
  
D:\ivans\Desktop\RealisticTransparency\spline.h(428,17): warning C4244: 'inizializzazione': conversione da 'double' a 'int'. Possibile perdita di dati.
  (compilazione del file di origine 'main.cpp')
  
D:\ivans\Desktop\RealisticTransparency\spline.h(472,16): warning C4244: 'inizializzazione': conversione da 'double' a 'size_t'. Possibile perdita di dati.
  (compilazione del file di origine 'main.cpp')
  
D:\ivans\Desktop\RealisticTransparency\spline.h(645,31): warning C4267: 'return': conversione da 'size_t' a 'int'. Possibile perdita di dati.
  (compilazione del file di origine 'main.cpp')
  
D:\ivans\Desktop\RealisticTransparency\spline.h(696,19): warning C4244: '=': conversione da 'double' a 'int'. Possibile perdita di dati.
  (compilazione del file di origine 'main.cpp')
  
D:\ivans\Desktop\RealisticTransparency\spline.h(697,19): warning C4244: '=': conversione da 'double' a 'int'. Possibile perdita di dati.
  (compilazione del file di origine 'main.cpp')
  
D:\ivans\Desktop\RealisticTransparency\spline.h(706,19): warning C4244: '=': conversione da 'double' a 'int'. Possibile perdita di dati.
  (compilazione del file di origine 'main.cpp')
  
D:\ivans\Desktop\RealisticTransparency\spline.h(711,23): warning C4244: '=': conversione da 'double' a 'int'. Possibile perdita di dati.
  (compilazione del file di origine 'main.cpp')
  
D:\ivans\Desktop\RealisticTransparency\spline.h(728,21): warning C4244: '=': conversione da 'double' a 'int'. Possibile perdita di dati.
  (compilazione del file di origine 'main.cpp')
  
D:\ivans\Desktop\RealisticTransparency\spline.h(743,20): warning C4244: '=': conversione da 'double' a 'int'. Possibile perdita di dati.
  (compilazione del file di origine 'main.cpp')
  
D:\ivans\Desktop\RealisticTransparency\spline.h(945,9): warning C4068: l'istruzione pragma 'GCC' è sconosciuta
  (compilazione del file di origine 'main.cpp')
  
D:\ivans\Desktop\RealisticTransparency\main.cpp(94,55): warning C4305: 'argomento': troncamento da 'double' a 'float'
D:\ivans\Desktop\RealisticTransparency\main.cpp(95,55): warning C4305: 'argomento': troncamento da 'double' a 'float'
D:\ivans\Desktop\RealisticTransparency\main.cpp(104,36): warning C4305: '=': troncamento da 'double' a 'float'
D:\ivans\Desktop\RealisticTransparency\main.cpp(109,46): warning C4305: 'argomento': troncamento da 'double' a 'float'
D:\ivans\Desktop\RealisticTransparency\main.cpp(109,40): warning C4305: 'argomento': troncamento da 'double' a 'float'
D:\ivans\Desktop\RealisticTransparency\main.cpp(121,55): warning C4305: 'argomento': troncamento da 'double' a 'float'
D:\ivans\Desktop\RealisticTransparency\main.cpp(122,55): warning C4305: 'argomento': troncamento da 'double' a 'float'
D:\ivans\Desktop\RealisticTransparency\main.cpp(131,36): warning C4305: '=': troncamento da 'double' a 'float'
D:\ivans\Desktop\RealisticTransparency\main.cpp(136,58): warning C4305: 'argomento': troncamento da 'double' a 'float'
D:\ivans\Desktop\RealisticTransparency\main.cpp(136,45): warning C4305: 'argomento': troncamento da 'double' a 'float'
D:\ivans\Desktop\RealisticTransparency\main.cpp(148,52): warning C4305: 'argomento': troncamento da 'double' a 'float'
D:\ivans\Desktop\RealisticTransparency\main.cpp(149,52): warning C4305: 'argomento': troncamento da 'double' a 'float'
D:\ivans\Desktop\RealisticTransparency\main.cpp(158,33): warning C4305: '=': troncamento da 'double' a 'float'
D:\ivans\Desktop\RealisticTransparency\main.cpp(163,90): warning C4244: 'argomento': conversione da 'double' a 'float'. Possibile perdita di dati.
D:\ivans\Desktop\RealisticTransparency\main.cpp(163,65): warning C4244: 'argomento': conversione da 'double' a 'float'. Possibile perdita di dati.
D:\ivans\Desktop\RealisticTransparency\main.cpp(163,40): warning C4244: 'argomento': conversione da 'double' a 'float'. Possibile perdita di dati.
D:\ivans\Desktop\RealisticTransparency\main.cpp(175,51): warning C4305: 'argomento': troncamento da 'double' a 'float'
D:\ivans\Desktop\RealisticTransparency\main.cpp(176,51): warning C4305: 'argomento': troncamento da 'double' a 'float'
D:\ivans\Desktop\RealisticTransparency\main.cpp(185,32): warning C4305: '=': troncamento da 'double' a 'float'
D:\ivans\Desktop\RealisticTransparency\main.cpp(190,42): warning C4305: 'argomento': troncamento da 'double' a 'float'
D:\ivans\Desktop\RealisticTransparency\main.cpp(190,36): warning C4305: 'argomento': troncamento da 'double' a 'float'
D:\ivans\Desktop\RealisticTransparency\main.cpp(202,54): warning C4305: 'argomento': troncamento da 'double' a 'float'
D:\ivans\Desktop\RealisticTransparency\main.cpp(203,54): warning C4305: 'argomento': troncamento da 'double' a 'float'
D:\ivans\Desktop\RealisticTransparency\main.cpp(212,35): warning C4305: '=': troncamento da 'double' a 'float'
D:\ivans\Desktop\RealisticTransparency\main.cpp(217,75): warning C4305: 'argomento': troncamento da 'double' a 'float'
D:\ivans\Desktop\RealisticTransparency\main.cpp(217,60): warning C4305: 'argomento': troncamento da 'double' a 'float'
D:\ivans\Desktop\RealisticTransparency\main.cpp(217,45): warning C4305: 'argomento': troncamento da 'double' a 'float'
D:\ivans\Desktop\RealisticTransparency\main.cpp(229,47): warning C4305: 'argomento': troncamento da 'double' a 'float'
D:\ivans\Desktop\RealisticTransparency\main.cpp(230,47): warning C4305: 'argomento': troncamento da 'double' a 'float'
D:\ivans\Desktop\RealisticTransparency\main.cpp(239,28): warning C4305: '=': troncamento da 'double' a 'float'
D:\ivans\Desktop\RealisticTransparency\main.cpp(352,39): warning C4305: 'argomento': troncamento da 'double' a 'const float'
D:\ivans\Desktop\RealisticTransparency\main.cpp(352,34): warning C4305: 'argomento': troncamento da 'double' a 'const float'
D:\ivans\Desktop\RealisticTransparency\main.cpp(366,34): warning C4305: 'argomento': troncamento da 'double' a 'const float'
D:\ivans\Desktop\RealisticTransparency\main.cpp(366,28): warning C4305: 'argomento': troncamento da 'double' a 'const float'
D:\ivans\Desktop\RealisticTransparency\main.cpp(366,22): warning C4305: 'argomento': troncamento da 'double' a 'const float'
D:\ivans\Desktop\RealisticTransparency\main.cpp(394,41): warning C4305: 'argomento': troncamento da 'double' a 'const float'
D:\ivans\Desktop\RealisticTransparency\main.cpp(394,36): warning C4305: 'argomento': troncamento da 'double' a 'const float'
D:\ivans\Desktop\RealisticTransparency\main.cpp(394,31): warning C4305: 'argomento': troncamento da 'double' a 'const float'
  Mapping.vcxproj -> D:\ivans\Desktop\RealisticTransparency\x64\Debug\Mapping.exe
